[debug] [2022-08-05T19:35:24.474Z] ----------------------------------------------------------------------
[debug] [2022-08-05T19:35:24.477Z] Command:       C:\Program Files\nodejs\node.exe C:\Users\mathe\AppData\Roaming\npm\node_modules\firebase-tools\lib\bin\firebase.js init
[debug] [2022-08-05T19:35:24.478Z] CLI Version:   11.4.2
[debug] [2022-08-05T19:35:24.478Z] Platform:      win32
[debug] [2022-08-05T19:35:24.478Z] Node Version:  v16.15.1
[debug] [2022-08-05T19:35:24.479Z] Time:          Fri Aug 05 2022 16:35:24 GMT-0300 (Horário Padrão de Brasília)
[debug] [2022-08-05T19:35:24.480Z] ----------------------------------------------------------------------
[debug] 
[debug] [2022-08-05T19:35:24.491Z] > command requires scopes: ["email","openid","https://www.googleapis.com/auth/cloudplatformprojects.readonly","https://www.googleapis.com/auth/firebase","https://www.googleapis.com/auth/cloud-platform"]
[debug] [2022-08-05T19:35:24.492Z] > authorizing via signed-in user (jamileboffo@gmail.com)
[info] 
     ######## #### ########  ######## ########     ###     ######  ########
     ##        ##  ##     ## ##       ##     ##  ##   ##  ##       ##
     ######    ##  ########  ######   ########  #########  ######  ######
     ##        ##  ##    ##  ##       ##     ## ##     ##       ## ##
     ##       #### ##     ## ######## ########  ##     ##  ######  ########

You're about to initialize a Firebase project in this directory:

  C:\Users\mathe\OneDrive\Área de Trabalho\Teppa\Frontend\teppa-front

[info] 
=== Project Setup
[info] 
[info] First, let's associate this project directory with a Firebase project.
[info] You can create multiple project aliases by running firebase use --add, 
[info] but for now we'll just set up a default project.
[info] 
[debug] [2022-08-05T19:35:32.784Z] >>> [apiv2][query] GET https://firebase.googleapis.com/v1beta1/projects pageSize=100
[debug] [2022-08-05T19:35:33.843Z] <<< [apiv2][status] GET https://firebase.googleapis.com/v1beta1/projects 200
[debug] [2022-08-05T19:35:33.844Z] <<< [apiv2][body] GET https://firebase.googleapis.com/v1beta1/projects [omitted]
[info] i  Using project teppa-a707b (teppa) 
[info] 
=== Hosting Setup
[info] 
[info] Your public directory is the folder (relative to your project directory) that
[info] will contain Hosting assets to be uploaded with firebase deploy. If you
[info] have a build process for your assets, use your build's output directory.
[info] 
[info] +  Wrote public/404.html 
[debug] [2022-08-05T19:35:53.479Z] >>> [apiv2][query] GET https://www.gstatic.com/firebasejs/releases.json [none]
[debug] [2022-08-05T19:35:53.650Z] <<< [apiv2][status] GET https://www.gstatic.com/firebasejs/releases.json 200
[debug] [2022-08-05T19:35:53.650Z] <<< [apiv2][body] GET https://www.gstatic.com/firebasejs/releases.json {"current":{"version":"9.9.2","browserURL":"https://www.gstatic.com/firebasejs/9.9.2/firebase.js","packageURL":"https://www.gstatic.com/firebasejs/9.9.2/firebase.tgz"},"live":{"version":"9.9","browserURL":"https://www.gstatic.com/firebasejs/live/9.9/firebase.js","packageURL":"https://www.gstatic.com/firebasejs/live/9.9/firebase.tgz"},"components":{"analytics":"https://www.gstatic.com/firebasejs/9.9.2/firebase-analytics.js","app":"https://www.gstatic.com/firebasejs/9.9.2/firebase-app.js","app-check":"https://www.gstatic.com/firebasejs/9.9.2/firebase-app-check.js","auth":"https://www.gstatic.com/firebasejs/9.9.2/firebase-auth.js","auth/cordova":"https://www.gstatic.com/firebasejs/9.9.2/firebase-auth/cordova.js","auth/react-native":"https://www.gstatic.com/firebasejs/9.9.2/firebase-auth/react-native.js","functions":"https://www.gstatic.com/firebasejs/9.9.2/firebase-functions.js","firestore":"https://www.gstatic.com/firebasejs/9.9.2/firebase-firestore.js","firestore/lite":"https://www.gstatic.com/firebasejs/9.9.2/firebase-firestore/lite.js","installations":"https://www.gstatic.com/firebasejs/9.9.2/firebase-installations.js","storage":"https://www.gstatic.com/firebasejs/9.9.2/firebase-storage.js","performance":"https://www.gstatic.com/firebasejs/9.9.2/firebase-performance.js","remote-config":"https://www.gstatic.com/firebasejs/9.9.2/firebase-remote-config.js","messaging":"https://www.gstatic.com/firebasejs/9.9.2/firebase-messaging.js","messaging/sw":"https://www.gstatic.com/firebasejs/9.9.2/firebase-messaging/sw.js","database":"https://www.gstatic.com/firebasejs/9.9.2/firebase-database.js","firestore.memory":"https://www.gstatic.com/firebasejs/9.9.2/firebase-firestore.memory.js"}}
[info] +  Wrote public/index.html 
[info] 
[info] i  Detected a .git folder at C:\Users\mathe\OneDrive\Área de Trabalho\Teppa\Frontend\teppa-front 
[info] i  Authorizing with GitHub to upload your service account to a GitHub repository's secrets store. 
[info] 
[info] Visit this URL on this device to log in:
[info] https://github.com/login/oauth/authorize?client_id=89cf50f02ac6aaed3484&state=31795468&redirect_uri=http%3A%2F%2Flocalhost%3A9005&scope=read%3Auser%20repo%20public_repo
[info] 
[info] Waiting for authentication...
[debug] [2022-08-05T19:36:07.868Z] >>> [apiv2][query] POST https://github.com/login/oauth/access_token [none]
[debug] [2022-08-05T19:36:07.869Z] >>> [apiv2][body] POST https://github.com/login/oauth/access_token [stream]
[debug] [2022-08-05T19:36:08.533Z] <<< [apiv2][status] POST https://github.com/login/oauth/access_token 200
[debug] [2022-08-05T19:36:08.533Z] <<< [apiv2][body] POST https://github.com/login/oauth/access_token {"access_token":"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","token_type":"bearer","scope":"read:user,repo"}
[debug] [2022-08-05T19:36:08.544Z] >>> [apiv2][query] GET https://api.github.com/user [none]
[debug] [2022-08-05T19:36:08.857Z] <<< [apiv2][status] GET https://api.github.com/user 200
[debug] [2022-08-05T19:36:08.857Z] <<< [apiv2][body] GET https://api.github.com/user {"login":"JamileBoffo","id":97992778,"node_id":"U_kgDOBddASg","avatar_url":"https://avatars.githubusercontent.com/u/97992778?v=4","gravatar_id":"","url":"https://api.github.com/users/JamileBoffo","html_url":"https://github.com/JamileBoffo","followers_url":"https://api.github.com/users/JamileBoffo/followers","following_url":"https://api.github.com/users/JamileBoffo/following{/other_user}","gists_url":"https://api.github.com/users/JamileBoffo/gists{/gist_id}","starred_url":"https://api.github.com/users/JamileBoffo/starred{/owner}{/repo}","subscriptions_url":"https://api.github.com/users/JamileBoffo/subscriptions","organizations_url":"https://api.github.com/users/JamileBoffo/orgs","repos_url":"https://api.github.com/users/JamileBoffo/repos","events_url":"https://api.github.com/users/JamileBoffo/events{/privacy}","received_events_url":"https://api.github.com/users/JamileBoffo/received_events","type":"User","site_admin":false,"name":"Jamile Boffo","company":null,"blog":"","location":"Maringá, Paraná, Brasil","email":null,"hireable":null,"bio":"Desenvolvedora FrontEnd | JavaScript | TypeScript | ReactJS | NodeJS | Express | HTML | CSS | PostgreeSQL | MongoDB","twitter_username":null,"public_repos":21,"public_gists":0,"followers":29,"following":48,"created_at":"2022-01-18T22:35:46Z","updated_at":"2022-07-30T00:50:10Z","private_gists":0,"total_private_repos":1,"owned_private_repos":1,"disk_usage":8168,"collaborators":0,"two_factor_authentication":false,"plan":{"name":"free","space":976562499,"collaborators":0,"private_repos":10000}}
[info] 
[info] +  Success! Logged into GitHub as JamileBoffo 
[info] 
